00:11 -- Analyzing message from CapnSlapaHo#9440 in 游낆numtsengvi.
00:30 -- Analyzing message from sickdelusion#3020 in 游료fter-hours.
00:33 -- Analyzing message from FeynirHusky#2154 in 游료fter-hours.
00:36 -- Analyzing message from Hwaet#4348 in 游료fter-hours.
00:53 -- Analyzing message from Atokirina#2706 in 游꿡ayuvan.
00:57 -- Analyzing message from omikranay#9170 in 游눫t칣p칛ngkxo.
00:58 -- Analyzing message from omikranay#9170 in 游눫t칣p칛ngkxo.
00:59 -- Analyzing message from Hwaet#4348 in 游눫t칣p칛ngkxo.
00:59 -- Analyzing message from Hwaet#4348 in 游눫t칣p칛ngkxo.
01:01 -- Analyzing message from LoopyRoopy#3783 in 游딖thoughts-and-ideas游눠.
01:02 -- Analyzing message from LoopyRoopy#3783 in 游딖thoughts-and-ideas游눠.
01:04 -- Analyzing message from LoopyRoopy#3783 in 游딖thoughts-and-ideas游눠.
01:10 -- Analyzing message from Aurora#5596 in 游딖thoughts-and-ideas游눠.
01:11 -- Analyzing message from Aurora#5596 in 游딖thoughts-and-ideas游눠.
01:12 -- Analyzing message from Aurora#5596 in 游딖thoughts-and-ideas游눠.
01:13 -- Analyzing message from Aurora#5596 in 游깷global-chat.
01:18 -- Analyzing message from HappyHippo77#2866 in 游쭃awnea-ayswir칛游꺔.
01:20 -- Analyzing message from Crunch#6609 in 游딖thoughts-and-ideas游눠.
01:20 -- Analyzing message from Aurora#5596 in 游딖thoughts-and-ideas游눠.
02:34 -- Analyzing message from Lukesw01#1977 in 游눫t칣p칛ngkxo.
02:35 -- Analyzing message from Xaedaile#9043 in 游눫t칣p칛ngkxo.
02:36 -- Analyzing message from omikranay#9170 in 游눫t칣p칛ngkxo.
02:36 -- Analyzing message from omikranay#9170 in 游눫t칣p칛ngkxo.
02:37 -- Analyzing message from omikranay#9170 in 游눫t칣p칛ngkxo.
02:38 -- Analyzing message from Hwaet#4348 in 游눫t칣p칛ngkxo.
02:43 -- Analyzing message from Hwaet#4348 in 游뾇릖뾳eutsch.
02:44 -- Analyzing message from Lukesw01#1977 in 游눫t칣p칛ngkxo.
02:45 -- Analyzing message from Lukesw01#1977 in 游눫t칣p칛ngkxo.
02:45 -- Analyzing message from Lukesw01#1977 in 游눫t칣p칛ngkxo.
02:45 -- Analyzing message from Lukesw01#1977 in 游눫t칣p칛ngkxo.
02:46 -- Analyzing message from HappyHippo77#2866 in 游눫t칣p칛ngkxo.
02:46 -- Analyzing message from Hwaet#4348 in 游눫t칣p칛ngkxo.
02:47 -- Analyzing message from HappyHippo77#2866 in 游눫t칣p칛ngkxo.
02:47 -- Analyzing message from HappyHippo77#2866 in 游눫t칣p칛ngkxo.
02:49 -- Analyzing message from HappyHippo77#2866 in 游눫t칣p칛ngkxo.
02:51 -- Analyzing message from HappyHippo77#2866 in 游눫t칣p칛ngkxo.
02:52 -- Analyzing message from Hwaet#4348 in 游눫t칣p칛ngkxo.
02:52 -- Analyzing message from HappyHippo77#2866 in 游눫t칣p칛ngkxo.
02:52 -- Analyzing message from Hwaet#4348 in 游눫t칣p칛ngkxo.
02:52 -- Analyzing message from HappyHippo77#2866 in 游눫t칣p칛ngkxo.
02:52 -- Analyzing message from HappyHippo77#2866 in 游눫t칣p칛ngkxo.
02:53 -- Analyzing message from Hwaet#4348 in 游눫t칣p칛ngkxo.
02:53 -- Analyzing message from Hwaet#4348 in 游눫t칣p칛ngkxo.
02:54 -- Analyzing message from HappyHippo77#2866 in 游눫t칣p칛ngkxo.
02:54 -- Analyzing message from sickdelusion#3020 in 游뾇릖뾳eutsch.
02:54 -- Analyzing message from HappyHippo77#2866 in 游눫t칣p칛ngkxo.
02:54 -- Analyzing message from sickdelusion#3020 in 游뾇릖뾳eutsch.
03:00 -- Analyzing message from sickdelusion#3020 in 游뾇릖뾳eutsch.
03:00 -- Analyzing message from sickdelusion#3020 in 游뾇릖뾳eutsch.
03:01 -- Analyzing message from Hwaet#4348 in 游뾇릖뾳eutsch.
03:01 -- Analyzing message from Hwaet#4348 in 游뾇릖뾳eutsch.
03:02 -- Analyzing message from sickdelusion#3020 in 游뾇릖뾳eutsch.
03:02 -- Analyzing message from Hwaet#4348 in 游뾇릖뾳eutsch.
03:02 -- Analyzing message from Hwaet#4348 in 游뾇릖뾳eutsch.
03:48 -- Analyzing message from AgentPerry#8264 in 游눫chat-room.
03:49 -- Analyzing message from AgentPerry#8264 in 游눫chat-room.
04:12 -- Analyzing message from AugustNox#8572 in 游끥sivako.
04:17 -- Analyzing message from AugustNox#8572 in 游낆numtsengvi.
04:20 -- Dark Sim joined the server.
04:20 -- Gave Dark Sim the role frapo.
04:20 -- Created a new profile for Dark Sim.
04:48 -- Analyzing message from InfinityEnergy#1806 in 游녦kaltx칣.
04:55 -- Analyzing message from omikranay#9170 in 游눫t칣p칛ngkxo.
04:55 -- Analyzing message from CaptJakeSparrow#6873 in 游눫t칣p칛ngkxo.
04:55 -- Analyzing message from omikranay#9170 in 游눫t칣p칛ngkxo.
04:55 -- Analyzing message from omikranay#9170 in 游눫t칣p칛ngkxo.
04:56 -- Analyzing message from CaptJakeSparrow#6873 in 游눫t칣p칛ngkxo.
04:58 -- Analyzing message from omikranay#9170 in 游눫t칣p칛ngkxo.
05:00 -- Analyzing message from omikranay#9170 in 游눫t칣p칛ngkxo.
05:57 -- Analyzing message from Atokirina#2706 in 游눫t칣p칛ngkxo.
06:02 -- Analyzing message from Tekre#3259 in 游낆numtsengvi.
06:13 -- Analyzing message from nono#8113 in 游뾇릖뾳eutsch.
06:20 -- Analyzing message from InfinityEnergy#1806 in 游뾇릖뾳eutsch.
07:56 -- Analyzing message from Wiebe#9204 in 游쉻릖졀talia.
08:13 -- Analyzing message from Wiebe#9204 in 游낆numtsengvi.
08:17 -- Analyzing message from CapnSlapaHo#9440 in 游낆numtsengvi.
08:19 -- Analyzing message from CapnSlapaHo#9440 in 游낆numtsengvi.
08:19 -- Analyzing message from Wiebe#9204 in 游낆numtsengvi.
08:19 -- Analyzing message from CapnSlapaHo#9440 in 游낆numtsengvi.
08:20 -- Analyzing message from Wiebe#9204 in 游낆numtsengvi.
08:20 -- Analyzing message from CapnSlapaHo#9440 in 游낆numtsengvi.
08:38 -- Analyzing message from CapnSlapaHo#9440 in 游낆numtsengvi.
08:39 -- Analyzing message from CapnSlapaHo#9440 in 游낆numtsengvi.
08:40 -- Analyzing message from Wiebe#9204 in 游낆numtsengvi.
08:40 -- Analyzing message from Wiebe#9204 in 游낆numtsengvi.
08:40 -- Analyzing message from CapnSlapaHo#9440 in 游낆numtsengvi.
08:40 -- Analyzing message from Wiebe#9204 in 游낆numtsengvi.
08:42 -- Analyzing message from Wiebe#9204 in 游낆numtsengvi.
08:44 -- Analyzing message from CapnSlapaHo#9440 in 游낆numtsengvi.
08:44 -- Analyzing message from CapnSlapaHo#9440 in 游낆numtsengvi.
08:45 -- Analyzing message from Wiebe#9204 in 游낆numtsengvi.
08:45 -- Analyzing message from CapnSlapaHo#9440 in 游낆numtsengvi.
08:45 -- Analyzing message from CapnSlapaHo#9440 in 游낆numtsengvi.
08:46 -- Analyzing message from Wiebe#9204 in 游낆numtsengvi.
09:17 -- CapnSlapaHo was given the He/Him pronouns.
09:46 -- Selin joined the server.
09:46 -- Gave Selin the role frapo.
09:46 -- Cannot DM this user.
09:46 -- Created a new profile for Selin.
09:50 -- Analyzing message from CapnSlapaHo#9440 in 游낆numtsengvi.
09:55 -- Analyzing message from Dunstorm#1496 in 游녦kaltx칣.
09:56 -- Analyzing message from Dunstorm#1496 in 游녦kaltx칣.
09:56 -- Analyzing message from Dunstorm#1496 in 游녦kaltx칣.
09:57 -- Analyzing message from Wiebe#9204 in 游낆numtsengvi.
09:58 -- Analyzing message from Wiebe#9204 in 游游쎭ederlands.
10:00 -- Analyzing message from Wiebe#9204 in 游游쎭ederlands.
10:01 -- Analyzing message from Wiebe#9204 in 游游쎭ederlands.
10:01 -- Analyzing message from Mako#2511 in 游녦kaltx칣.
10:08 -- Analyzing message from CapnSlapaHo#9440 in 游낆numtsengvi.
10:08 -- 10:08 -- Gave CapnSlapaHo the Hapx칣tutsy칣p role and removed the Z칣ma'uyu role.
10:10 -- Analyzing message from j칮rge#8613 in 游녦kaltx칣.
10:13 -- Analyzing message from Mako#2511 in 游녦kaltx칣.
10:13 -- Analyzing message from Mako#2511 in 游녦kaltx칣.
10:14 -- Analyzing message from CapnSlapaHo#9440 in 游游쎭ederlands.
10:14 -- Analyzing message from j칮rge#8613 in 游녦kaltx칣.
10:15 -- Analyzing message from Mako#2511 in 游녦kaltx칣.
10:15 -- Analyzing message from Tekre#3259 in 游쉻릖졀talia.
10:16 -- Analyzing message from j칮rge#8613 in 游녦kaltx칣.
10:16 -- Analyzing message from Mako#2511 in 游녦kaltx칣.
10:16 -- Analyzing message from Mako#2511 in 游녦kaltx칣.
10:18 -- Analyzing message from Mako#2511 in 游녦kaltx칣.
10:20 -- Analyzing message from InfinityEnergy#1806 in 游눫t칣p칛ngkxo.
10:34 -- Analyzing message from j칮rge#8613 in 游녦kaltx칣.
10:38 -- Analyzing message from InfinityEnergy#1806 in 游낆numtsengvi.
10:38 -- Analyzing message from sickdelusion#3020 in 游녦kaltx칣.
10:38 -- 10:38 -- Gave sickdelusion the Tsamsiyu role and removed the Tsamsiyutsy칣p role.
10:40 -- Analyzing message from j칮rge#8613 in 游녦kaltx칣.
10:47 -- Analyzing message from CapnSlapaHo#9440 in 游낆numtsengvi.
10:51 -- Analyzing message from CapnSlapaHo#9440 in 游낆numtsengvi.
10:51 -- Analyzing message from CapnSlapaHo#9440 in 游낆numtsengvi.
10:53 -- Analyzing message from WhoaConstrictor#9974 in 游낆numtsengvi.
10:54 -- WhoaConstrictor: 189914900066205696 executed the !search command with arguments:  irayo "irayo si"
10:55 -- WhoaConstrictor: 189914900066205696 executed the !search command with arguments:  irayo "irayo si"
10:55 -- Analyzing message from CapnSlapaHo#9440 in 游낆numtsengvi.
10:56 -- Analyzing message from CapnSlapaHo#9440 in 游낆numtsengvi.
10:57 -- Analyzing message from CapnSlapaHo#9440 in 游낆numtsengvi.
10:57 -- Analyzing message from Mako#2511 in 游낆numtsengvi.
10:57 -- Analyzing message from Mako#2511 in 游낆numtsengvi.
10:57 -- Analyzing message from CapnSlapaHo#9440 in 游낆numtsengvi.
10:59 -- Analyzing message from WhoaConstrictor#9974 in 游낆numtsengvi.
10:59 -- Analyzing message from WhoaConstrictor#9974 in 游낆numtsengvi.
11:01 -- Analyzing message from WhoaConstrictor#9974 in 游낆numtsengvi.
11:03 -- Analyzing message from CapnSlapaHo#9440 in 游낆numtsengvi.
11:10 -- Analyzing message from WhoaConstrictor#9974 in 游낆numtsengvi.
11:10 -- Analyzing message from WhoaConstrictor#9974 in 游낆numtsengvi.
11:16 -- Analyzing message from Mako#2511 in 游눫t칣p칛ngkxo.
11:18 -- Analyzing message from InfinityEnergy#1806 in 游눫t칣p칛ngkxo.
11:19 -- Analyzing message from Mako#2511 in 游눫t칣p칛ngkxo.
11:19 -- Analyzing message from CapnSlapaHo#9440 in 游낆numtsengvi.
11:22 -- Analyzing message from CapnSlapaHo#9440 in 游눫t칣p칛ngkxo.
11:24 -- Analyzing message from Mako#2511 in 游낆numtsengvi.
11:25 -- Analyzing message from Mako#2511 in 游낆numtsengvi.
11:25 -- Analyzing message from CapnSlapaHo#9440 in 游낆numtsengvi.
11:25 -- Analyzing message from CapnSlapaHo#9440 in 游낆numtsengvi.
11:25 -- Analyzing message from CapnSlapaHo#9440 in 游낆numtsengvi.
11:25 -- Analyzing message from Mako#2511 in 游낆numtsengvi.
11:26 -- Analyzing message from CapnSlapaHo#9440 in 游낆numtsengvi.
11:26 -- Analyzing message from CapnSlapaHo#9440 in 游낆numtsengvi.
11:27 -- Analyzing message from Mako#2511 in 游낆numtsengvi.
11:27 -- Analyzing message from InfinityEnergy#1806 in 游눫t칣p칛ngkxo.
11:27 -- Analyzing message from Mako#2511 in 游낆numtsengvi.
11:28 -- Analyzing message from CapnSlapaHo#9440 in 游낆numtsengvi.
11:28 -- Analyzing message from CapnSlapaHo#9440 in 游낆numtsengvi.
11:29 -- Analyzing message from Mako#2511 in 游낆numtsengvi.
11:33 -- Analyzing message from sickdelusion#3020 in 游눫t칣p칛ngkxo.
11:33 -- Analyzing message from sickdelusion#3020 in 游눫t칣p칛ngkxo.
11:34 -- Analyzing message from Mako#2511 in 游눫t칣p칛ngkxo.
11:34 -- Analyzing message from Mako#2511 in 游눫t칣p칛ngkxo.
11:34 -- Analyzing message from sickdelusion#3020 in 游눫t칣p칛ngkxo.
11:39 -- Analyzing message from CapnSlapaHo#9440 in 游눫t칣p칛ngkxo.
11:43 -- Analyzing message from Hwaet#4348 in 游뾇릖뾳eutsch.
11:45 -- Analyzing message from nono#8113 in 游뾇릖뾳eutsch.
11:46 -- Analyzing message from Hwaet#4348 in 游뾇릖뾳eutsch.
11:49 -- Analyzing message from Rabbit hupm치 ea콂galasgiela dal#4088 in 游눫t칣p칛ngkxo.
11:51 -- Analyzing message from Hwaet#4348 in 游눫t칣p칛ngkxo.
11:51 -- Analyzing message from nono#8113 in 游뾇릖뾳eutsch.
11:52 -- Analyzing message from Rabbit hupm치 ea콂galasgiela dal#4088 in 游눫t칣p칛ngkxo.
11:54 -- Analyzing message from Atokirina#2706 in 游눫t칣p칛ngkxo.
11:58 -- Analyzing message from Rabbit hupm치 ea콂galasgiela dal#4088 in 游눫t칣p칛ngkxo.
11:59 -- Analyzing message from Tekre#3259 in 游눫t칣p칛ngkxo.
12:00 -- Analyzing message from Atokirina#2706 in 游눫t칣p칛ngkxo.
12:08 -- Analyzing message from sickdelusion#3020 in 游눫t칣p칛ngkxo.
12:08 -- Analyzing message from InfinityEnergy#1806 in 游뾇릖뾳eutsch.
12:08 -- Analyzing message from sickdelusion#3020 in 游눫t칣p칛ngkxo.
12:09 -- Analyzing message from nono#8113 in 游뾇릖뾳eutsch.
12:10 -- Analyzing message from InfinityEnergy#1806 in 游뾇릖뾳eutsch.
12:10 -- Analyzing message from WhoaConstrictor#9974 in 游눫t칣p칛ngkxo.
12:10 -- Analyzing message from nono#8113 in 游뾇릖뾳eutsch.
12:11 -- Analyzing message from nono#8113 in 游뾇릖뾳eutsch.
12:11 -- Analyzing message from nono#8113 in 游뾇릖뾳eutsch.
12:11 -- Analyzing message from WhoaConstrictor#9974 in 游눫t칣p칛ngkxo.
12:11 -- Analyzing message from WhoaConstrictor#9974 in 游눫t칣p칛ngkxo.
12:11 -- Analyzing message from InfinityEnergy#1806 in 游뾇릖뾳eutsch.
12:11 -- Analyzing message from nono#8113 in 游뾇릖뾳eutsch.
12:12 -- Analyzing message from Hwaet#4348 in 游끥sivako.
12:12 -- Analyzing message from InfinityEnergy#1806 in 游뾇릖뾳eutsch.
12:12 -- Analyzing message from WhoaConstrictor#9974 in 游눫t칣p칛ngkxo.
12:12 -- Analyzing message from nono#8113 in 游뾇릖뾳eutsch.
12:12 -- Analyzing message from WhoaConstrictor#9974 in 游눫t칣p칛ngkxo.
12:12 -- Analyzing message from nono#8113 in 游뾇릖뾳eutsch.
12:14 -- Analyzing message from CapnSlapaHo#9440 in 游눫t칣p칛ngkxo.
12:16 -- Analyzing message from Kurikara#4094 in 游꿡ayuvan.
12:17 -- Analyzing message from Kurikara#4094 in 游꿡ayuvan.
12:20 -- Analyzing message from InfinityEnergy#1806 in 游꿡ayuvan.
12:25 -- Analyzing message from sickdelusion#3020 in 游끥sivako.
12:25 -- Analyzing message from Kurikara#4094 in 游꿡ayuvan.
12:25 -- Analyzing message from Kurikara#4094 in 游꿡ayuvan.
12:25 -- Analyzing message from Kurikara#4094 in 游꿡ayuvan.
12:29 -- Analyzing message from Kurikara#4094 in 游꿡ayuvan.
12:32 -- Analyzing message from Kurikara#4094 in 游꿡ayuvan.
12:32 -- Analyzing message from InfinityEnergy#1806 in 游꿡ayuvan.
12:33 -- Analyzing message from Kurikara#4094 in 游꿡ayuvan.
12:39 -- Analyzing message from nono#8113 in 游뾇릖뾳eutsch.
12:44 -- Analyzing message from InfinityEnergy#1806 in 游뾇릖뾳eutsch.
12:46 -- Analyzing message from Selin#6965 in 游녦kaltx칣.
12:46 -- Selin left the server.
13:23 -- Analyzing message from Exostike#9829 in 游눫t칣p칛ngkxo.
13:23 -- Analyzing message from Exostike#9829 in 游눫t칣p칛ngkxo.
13:27 -- Analyzing message from ollywood#4813 in 游눫t칣p칛ngkxo.
13:27 -- Analyzing message from ollywood#4813 in 游눫t칣p칛ngkxo.
13:29 -- Analyzing message from WhoaConstrictor#9974 in 游눫t칣p칛ngkxo.
13:50 -- Analyzing message from AugustNox#8572 in 游낆numtsengvi.
14:08 -- Analyzing message from ollywood#4813 in 游눫t칣p칛ngkxo.
14:13 -- Analyzing message from Atokirina#2706 in 游눫t칣p칛ngkxo.
14:38 -- Analyzing message from CapnSlapaHo#9440 in 游눫t칣p칛ngkxo.
14:38 -- Analyzing message from Atokirina#2706 in 游눫t칣p칛ngkxo.
14:40 -- Analyzing message from ollywood#4813 in 游눫t칣p칛ngkxo.
14:40 -- Analyzing message from ollywood#4813 in 游눫t칣p칛ngkxo.
14:40 -- Analyzing message from CapnSlapaHo#9440 in 游눫t칣p칛ngkxo.
14:40 -- Analyzing message from ollywood#4813 in 游눫t칣p칛ngkxo.
14:40 -- Analyzing message from ollywood#4813 in 游눫t칣p칛ngkxo.
14:40 -- Analyzing message from Wiebe#9204 in 游눫t칣p칛ngkxo.
14:40 -- Analyzing message from Atokirina#2706 in 游눫t칣p칛ngkxo.
14:40 -- Analyzing message from Atokirina#2706 in 游눫t칣p칛ngkxo.
14:40 -- Analyzing message from ollywood#4813 in 游눫t칣p칛ngkxo.
14:41 -- Analyzing message from Wiebe#9204 in 游눫t칣p칛ngkxo.
14:41 -- Analyzing message from Wiebe#9204 in 游눫t칣p칛ngkxo.
14:41 -- Analyzing message from ollywood#4813 in 游눫t칣p칛ngkxo.
14:41 -- Analyzing message from ollywood#4813 in 游눫t칣p칛ngkxo.
14:41 -- Analyzing message from CapnSlapaHo#9440 in 游눫t칣p칛ngkxo.
14:41 -- Analyzing message from Wiebe#9204 in 游눫t칣p칛ngkxo.
14:41 -- Analyzing message from Atokirina#2706 in 游눫t칣p칛ngkxo.
14:41 -- Analyzing message from ollywood#4813 in 游눫t칣p칛ngkxo.
14:41 -- Analyzing message from Wiebe#9204 in 游눫t칣p칛ngkxo.
14:42 -- Analyzing message from Wiebe#9204 in 游눫t칣p칛ngkxo.
14:42 -- Analyzing message from ollywood#4813 in 游눫t칣p칛ngkxo.
14:42 -- Analyzing message from Atokirina#2706 in 游눫t칣p칛ngkxo.
14:42 -- Analyzing message from Wiebe#9204 in 游눫t칣p칛ngkxo.
14:42 -- Analyzing message from ollywood#4813 in 游눫t칣p칛ngkxo.
14:42 -- Analyzing message from Atokirina#2706 in 游눫t칣p칛ngkxo.
14:43 -- Analyzing message from Atokirina#2706 in 游눫t칣p칛ngkxo.
14:43 -- Analyzing message from Wiebe#9204 in 游눫t칣p칛ngkxo.
14:44 -- Analyzing message from ollywood#4813 in 游눫t칣p칛ngkxo.
14:45 -- Analyzing message from Atokirina#2706 in 游눫t칣p칛ngkxo.
14:45 -- Analyzing message from ollywood#4813 in 游눫t칣p칛ngkxo.
14:45 -- Analyzing message from ollywood#4813 in 游눫t칣p칛ngkxo.
14:45 -- Analyzing message from Atokirina#2706 in 游눫t칣p칛ngkxo.
14:47 -- Analyzing message from Atokirina#2706 in 游눫t칣p칛ngkxo.
14:47 -- Analyzing message from ollywood#4813 in 游눫t칣p칛ngkxo.
14:48 -- Analyzing message from Atokirina#2706 in 游눫t칣p칛ngkxo.
14:53 -- Analyzing message from Atokirina#2706 in 游눫t칣p칛ngkxo.
14:53 -- Analyzing message from ollywood#4813 in 游눫t칣p칛ngkxo.
14:53 -- Analyzing message from Atokirina#2706 in 游눫t칣p칛ngkxo.
14:54 -- Analyzing message from Atokirina#2706 in 游눫t칣p칛ngkxo.
15:13 -- Analyzing message from Tekre#3259 in 游눫t칣p칛ngkxo.
15:22 -- Analyzing message from CapnSlapaHo#9440 in 游눫t칣p칛ngkxo.
15:22 -- Analyzing message from WhoaConstrictor#9974 in 游눫t칣p칛ngkxo.
15:27 -- Analyzing message from Tekre#3259 in 游눫t칣p칛ngkxo.
15:28 -- Analyzing message from Xaedaile#9043 in 游눫t칣p칛ngkxo.
15:29 -- Analyzing message from Atokirina#2706 in 游눫t칣p칛ngkxo.
15:29 -- Analyzing message from Tekre#3259 in 游눫t칣p칛ngkxo.
15:32 -- Analyzing message from Wiebe#9204 in 游游쎭ederlands.
15:32 -- Analyzing message from Wiebe#9204 in 游游쎭ederlands.
15:32 -- Analyzing message from CapnSlapaHo#9440 in 游눫t칣p칛ngkxo.
15:32 -- Analyzing message from CapnSlapaHo#9440 in 游눫t칣p칛ngkxo.
15:37 -- Analyzing message from Tekre#3259 in 游游쎭ederlands.
15:37 -- Analyzing message from Tekre#3259 in 游游쎭ederlands.
15:40 -- Analyzing message from Atokirina#2706 in 游눫t칣p칛ngkxo.
15:40 -- Analyzing message from Wiebe#9204 in 游游쎭ederlands.
15:40 -- Analyzing message from Wiebe#9204 in 游游쎭ederlands.
15:40 -- Analyzing message from Wiebe#9204 in 游游쎭ederlands.
15:49 -- Analyzing message from Noctiphany#5172 in 游깷global-chat.
15:49 -- Analyzing message from Cute e-girl8)#3580 in 游깷global-chat.
15:50 -- Analyzing message from Cute e-girl8)#3580 in 游깷global-chat.
15:53 -- Analyzing message from Cute e-girl8)#3580 in 游깷global-chat.
15:53 -- Analyzing message from Cute e-girl8)#3580 in 游깷global-chat.
15:53 -- Analyzing message from Noctiphany#5172 in 游깷global-chat.
15:53 -- 15:53 -- Gave Noctiphany the Avatar Compound (Rank 6) role and removed the Norm Spellman (Rank 5) role.
15:55 -- Analyzing message from Noctiphany#5172 in 游깷global-chat.
16:16 -- Analyzing message from theparadoxrevenge~#0335 in 游눫chat-room.
16:16 -- 16:16 -- Gave theparadoxrevenge~ the Avatar Compound (Rank 6) role and removed the Norm Spellman (Rank 5) role.
16:21 -- Analyzing message from Dessi Rae#9391 in 游눫chat-room.
16:22 -- Analyzing message from Dessi Rae#9391 in 游눫chat-room.
16:22 -- Analyzing message from theparadoxrevenge~#0335 in 游눫chat-room.
16:22 -- Analyzing message from theparadoxrevenge~#0335 in 游눫chat-room.
16:23 -- Analyzing message from Hwaet#4348 in 游눫t칣p칛ngkxo.
16:23 -- Analyzing message from Hwaet#4348 in 游눫t칣p칛ngkxo.
16:23 -- Analyzing message from Dessi Rae#9391 in 游눫chat-room.
16:23 -- Analyzing message from AlexTheLate#0420 in 游눫chat-room.
16:23 -- Analyzing message from theparadoxrevenge~#0335 in 游눫chat-room.
16:23 -- Analyzing message from AlexTheLate#0420 in 游눫chat-room.
16:23 -- Analyzing message from theparadoxrevenge~#0335 in 游눫chat-room.
16:24 -- Analyzing message from theparadoxrevenge~#0335 in 游눫chat-room.
16:24 -- Analyzing message from Hwaet#4348 in 游눫t칣p칛ngkxo.
16:26 -- Analyzing message from theparadoxrevenge~#0335 in 游눫t칣p칛ngkxo.
16:26 -- 16:26 -- Gave theparadoxrevenge~ the Hapx칣tu role and removed the Hapx칣tutsy칣p role.
16:26 -- Analyzing message from Hwaet#4348 in 游눫t칣p칛ngkxo.
16:27 -- Analyzing message from AlexTheLate#0420 in 游눫chat-room.
16:27 -- Analyzing message from theparadoxrevenge~#0335 in 游눫t칣p칛ngkxo.
16:27 -- Analyzing message from theparadoxrevenge~#0335 in 游눫t칣p칛ngkxo.
16:31 -- Analyzing message from Tekre#3259 in 游눫t칣p칛ngkxo.
16:32 -- Analyzing message from Hwaet#4348 in 游눫t칣p칛ngkxo.
16:33 -- Analyzing message from Tekre#3259 in 游눫t칣p칛ngkxo.
16:34 -- Analyzing message from Hwaet#4348 in 游눫t칣p칛ngkxo.
16:54 -- Analyzing message from CapnSlapaHo#9440 in 游눫t칣p칛ngkxo.
16:55 -- Analyzing message from CapnSlapaHo#9440 in 游눫t칣p칛ngkxo.
17:04 -- Analyzing message from General Anubis#6342 in 游눫t칣p칛ngkxo.
17:04 -- Analyzing message from nono#8113 in 游눫t칣p칛ngkxo.
17:04 -- Analyzing message from General Anubis#6342 in 游눫t칣p칛ngkxo.
17:05 -- Analyzing message from General Anubis#6342 in 游눫t칣p칛ngkxo.
17:11 -- Analyzing message from SItlha | Z치ngtsuva#6302 in 游끥sivako.
17:17 -- Analyzing message from omikranay#9170 in 游쭃awnea-ayswir칛游꺔.
17:46 -- Analyzing message from InfinityEnergy#1806 in 游쭃awnea-ayswir칛游꺔.
17:46 -- Analyzing message from InfinityEnergy#1806 in 游쭃awnea-ayswir칛游꺔.
17:49 -- Analyzing message from omikranay#9170 in 游쭃awnea-ayswir칛游꺔.
17:49 -- Analyzing message from ollywood#4813 in 游둰ayeltu-lefngap.
17:49 -- Analyzing message from ollywood#4813 in 游둰ayeltu-lefngap.
17:54 -- Analyzing message from SItlha | Z치ngtsuva#6302 in 游낆numtsengvi.
18:00 -- Analyzing message from SItlha | Z치ngtsuva#6302 in 游낆numtsengvi.
18:16 -- Analyzing message from WhoaConstrictor#9974 in 游낆numtsengvi.
18:20 -- Analyzing message from WhoaConstrictor#9974 in 游낆numtsengvi.
18:21 -- Mako: 81105065955303424 executed the !horen command with arguments:  imperative
18:21 -- Analyzing message from WhoaConstrictor#9974 in 游낆numtsengvi.
18:22 -- Mako: 81105065955303424 executed the !horen command with arguments:  6.13.1
18:22 -- Analyzing message from Mako#2511 in 游낆numtsengvi.
18:23 -- Analyzing message from WhoaConstrictor#9974 in 游낆numtsengvi.
18:24 -- Analyzing message from WhoaConstrictor#9974 in 游낆numtsengvi.
18:25 -- Analyzing message from Mako#2511 in 游낆numtsengvi.
18:25 -- Analyzing message from Mako#2511 in 游낆numtsengvi.
18:26 -- Analyzing message from ollywood#4813 in 游낆numtsengvi.
18:27 -- Analyzing message from WhoaConstrictor#9974 in 游낆numtsengvi.
18:27 -- Analyzing message from Mako#2511 in 游낆numtsengvi.
18:28 -- Analyzing message from WhoaConstrictor#9974 in 游낆numtsengvi.
18:28 -- Analyzing message from Mako#2511 in 游낆numtsengvi.
18:28 -- Analyzing message from WhoaConstrictor#9974 in 游낆numtsengvi.
18:29 -- Analyzing message from WhoaConstrictor#9974 in 游낆numtsengvi.
18:29 -- Analyzing message from ollywood#4813 in 游낆numtsengvi.
18:30 -- Analyzing message from WhoaConstrictor#9974 in 游낆numtsengvi.
18:30 -- Analyzing message from InfinityEnergy#1806 in 游쭃awnea-ayswir칛游꺔.
18:30 -- Analyzing message from WhoaConstrictor#9974 in 游낆numtsengvi.
18:30 -- Analyzing message from WhoaConstrictor#9974 in 游낆numtsengvi.
18:31 -- Mako: 81105065955303424 executed the !inq command with arguments:  -a "In the Hunt Song, an implicit command is used with a specified subject, leading Horen 6.13.1 to list that as an exception. So my question is: Does this fall under the 'special exceptions for prose or rhythmic structures' category making the Horen rule an error, or is this allowed in casual conversation?"
18:31 -- Analyzing message from ollywood#4813 in 游낆numtsengvi.
18:31 -- Mako: 81105065955303424 executed the !inq command with arguments:  -w "In the Hunt Song, an implicit command is used with a specified subject, leading Horen 6.13.1 to list that as an exception. So my question is: Does this fall under the 'special exceptions for prose or rhythmic structures' category making the Horen rule an error, or is this allowed in casual conversation?"
18:31 -- Analyzing message from ollywood#4813 in 游낆numtsengvi.
18:36 -- Analyzing message from Mako#2511 in 游낆numtsengvi.
18:36 -- Analyzing message from Mako#2511 in 游낆numtsengvi.
18:37 -- Analyzing message from Mako#2511 in 游낆numtsengvi.
18:40 -- Mako: 81105065955303424 executed the !inq command with arguments:  -a
18:40 -- Mako: 81105065955303424 executed the !inq command with arguments:  -r
18:40 -- Mako: 81105065955303424 executed the !inq command with arguments:  -r -a
18:40 -- Mako: 81105065955303424 executed the !help command with arguments:  inq
18:40 -- Mako: 81105065955303424 executed the !help command with arguments:  inquiry
18:41 -- Mako: 81105065955303424 executed the !help command with arguments:  generate
18:41 -- Mako: 81105065955303424 executed the !help command with arguments: 
18:41 -- Mako: 81105065955303424 executed the !help command with arguments:  inquiry
18:42 -- Mako: 81105065955303424 executed the !help command with arguments:  utility
18:42 -- Mako: 81105065955303424 executed the !help command with arguments:  -t utility
18:46 -- Analyzing message from HappyHippo77#2866 in 游눫t칣p칛ngkxo.
19:01 -- Analyzing message from sickdelusion#3020 in 游쭃awnea-ayswir칛游꺔.
19:04 -- Analyzing message from General Anubis#6342 in 游눫t칣p칛ngkxo.
19:09 -- Analyzing message from omikranay#9170 in 游쭃awnea-ayswir칛游꺔.
19:09 -- Analyzing message from sickdelusion#3020 in 游쭃awnea-ayswir칛游꺔.
19:09 -- Analyzing message from sickdelusion#3020 in 游쭃awnea-ayswir칛游꺔.
19:12 -- Analyzing message from HappyHippo77#2866 in 游눫t칣p칛ngkxo.
19:13 -- Analyzing message from sickdelusion#3020 in 游낆numtsengvi.
19:14 -- Analyzing message from HappyHippo77#2866 in 游눫t칣p칛ngkxo.
19:14 -- Analyzing message from InfinityEnergy#1806 in 游쭃awnea-ayswir칛游꺔.
19:14 -- Analyzing message from sickdelusion#3020 in 游낆numtsengvi.
19:14 -- Analyzing message from WhoaConstrictor#9974 in 游낆numtsengvi.
19:14 -- Analyzing message from sickdelusion#3020 in 游낆numtsengvi.
19:15 -- Analyzing message from sickdelusion#3020 in 游쭃awnea-ayswir칛游꺔.
19:15 -- Analyzing message from HappyHippo77#2866 in 游쭃awnea-ayswir칛游꺔.
19:15 -- Analyzing message from sickdelusion#3020 in 游쭃awnea-ayswir칛游꺔.
19:16 -- Analyzing message from HappyHippo77#2866 in 游쭃awnea-ayswir칛游꺔.
19:16 -- Analyzing message from sickdelusion#3020 in 游쭃awnea-ayswir칛游꺔.
19:16 -- Analyzing message from sickdelusion#3020 in 游쭃awnea-ayswir칛游꺔.
19:17 -- Analyzing message from HappyHippo77#2866 in 游쭃awnea-ayswir칛游꺔.
19:18 -- Analyzing message from sickdelusion#3020 in 游쭃awnea-ayswir칛游꺔.
19:18 -- Analyzing message from HappyHippo77#2866 in 游쭃awnea-ayswir칛游꺔.
19:18 -- Analyzing message from HappyHippo77#2866 in 游쭃awnea-ayswir칛游꺔.
19:18 -- Analyzing message from HappyHippo77#2866 in 游쭃awnea-ayswir칛游꺔.
19:19 -- Analyzing message from sickdelusion#3020 in 游쭃awnea-ayswir칛游꺔.
19:19 -- Analyzing message from sickdelusion#3020 in 游쭃awnea-ayswir칛游꺔.
19:19 -- Analyzing message from sickdelusion#3020 in 游쭃awnea-ayswir칛游꺔.
19:19 -- Analyzing message from HappyHippo77#2866 in 游쭃awnea-ayswir칛游꺔.
19:19 -- Analyzing message from sickdelusion#3020 in 游쭃awnea-ayswir칛游꺔.
19:20 -- Analyzing message from sickdelusion#3020 in 游쭃awnea-ayswir칛游꺔.
19:20 -- Analyzing message from HappyHippo77#2866 in 游쭃awnea-ayswir칛游꺔.
19:20 -- Analyzing message from HappyHippo77#2866 in 游쭃awnea-ayswir칛游꺔.
19:20 -- Analyzing message from HappyHippo77#2866 in 游쭃awnea-ayswir칛游꺔.
19:21 -- Analyzing message from HappyHippo77#2866 in 游쭃awnea-ayswir칛游꺔.
19:21 -- Analyzing message from sickdelusion#3020 in 游쭃awnea-ayswir칛游꺔.
19:21 -- Analyzing message from HappyHippo77#2866 in 游쭃awnea-ayswir칛游꺔.
19:21 -- Analyzing message from sickdelusion#3020 in 游쭃awnea-ayswir칛游꺔.
19:21 -- Analyzing message from sickdelusion#3020 in 游쭃awnea-ayswir칛游꺔.
19:21 -- Analyzing message from HappyHippo77#2866 in 游쭃awnea-ayswir칛游꺔.
19:22 -- Analyzing message from sickdelusion#3020 in 游쭃awnea-ayswir칛游꺔.
19:22 -- Analyzing message from HappyHippo77#2866 in 游쭃awnea-ayswir칛游꺔.
19:22 -- Analyzing message from sickdelusion#3020 in 游쭃awnea-ayswir칛游꺔.
19:22 -- Analyzing message from sickdelusion#3020 in 游쭃awnea-ayswir칛游꺔.
19:24 -- Analyzing message from sickdelusion#3020 in 游쭃awnea-ayswir칛游꺔.
19:27 -- Analyzing message from sickdelusion#3020 in 游쭃awnea-ayswir칛游꺔.
19:31 -- Analyzing message from Acekicker#7345 in 游눫chat-room.
19:32 -- Analyzing message from CapnSlapaHo#9440 in 游낆numtsengvi.
19:32 -- Analyzing message from CapnSlapaHo#9440 in 游낆numtsengvi.
19:32 -- Analyzing message from CapnSlapaHo#9440 in 游낆numtsengvi.
19:34 -- Analyzing message from WhoaConstrictor#9974 in 游낆numtsengvi.
19:34 -- Analyzing message from WhoaConstrictor#9974 in 游낆numtsengvi.
19:35 -- Analyzing message from CapnSlapaHo#9440 in 游낆numtsengvi.
19:36 -- Analyzing message from CapnSlapaHo#9440 in 游낆numtsengvi.
19:36 -- Analyzing message from WhoaConstrictor#9974 in 游낆numtsengvi.
19:45 -- Analyzing message from HappyHippo77#2866 in 游쭃awnea-ayswir칛游꺔.
19:45 -- Analyzing message from HappyHippo77#2866 in 游쭃awnea-ayswir칛游꺔.
19:45 -- Analyzing message from HappyHippo77#2866 in 游쭃awnea-ayswir칛游꺔.
19:45 -- Analyzing message from sickdelusion#3020 in 游쭃awnea-ayswir칛游꺔.
19:45 -- Analyzing message from HappyHippo77#2866 in 游쭃awnea-ayswir칛游꺔.
19:46 -- Analyzing message from HappyHippo77#2866 in 游쭃awnea-ayswir칛游꺔.
19:46 -- Analyzing message from HappyHippo77#2866 in 游쭃awnea-ayswir칛游꺔.
19:46 -- Analyzing message from sickdelusion#3020 in 游쭃awnea-ayswir칛游꺔.
19:47 -- Analyzing message from sickdelusion#3020 in 游쭃awnea-ayswir칛游꺔.
19:47 -- Analyzing message from sickdelusion#3020 in 游쭃awnea-ayswir칛游꺔.
19:47 -- Analyzing message from HappyHippo77#2866 in 游쭃awnea-ayswir칛游꺔.
19:47 -- Analyzing message from sickdelusion#3020 in 游쭃awnea-ayswir칛游꺔.
19:47 -- Analyzing message from HappyHippo77#2866 in 游쭃awnea-ayswir칛游꺔.
19:47 -- Analyzing message from sickdelusion#3020 in 游쭃awnea-ayswir칛游꺔.
19:47 -- Analyzing message from CapnSlapaHo#9440 in 游낆numtsengvi.
19:48 -- Analyzing message from sickdelusion#3020 in 游쭃awnea-ayswir칛游꺔.
19:48 -- Analyzing message from sickdelusion#3020 in 游쭃awnea-ayswir칛游꺔.
19:48 -- Analyzing message from HappyHippo77#2866 in 游쭃awnea-ayswir칛游꺔.
19:48 -- Analyzing message from WhoaConstrictor#9974 in 游낆numtsengvi.
19:49 -- Analyzing message from HappyHippo77#2866 in 游쭃awnea-ayswir칛游꺔.
19:49 -- Analyzing message from HappyHippo77#2866 in 游쭃awnea-ayswir칛游꺔.
19:49 -- Analyzing message from HappyHippo77#2866 in 游쭃awnea-ayswir칛游꺔.
19:49 -- Analyzing message from CapnSlapaHo#9440 in 游낆numtsengvi.
19:49 -- Analyzing message from sickdelusion#3020 in 游쭃awnea-ayswir칛游꺔.
19:49 -- Analyzing message from sickdelusion#3020 in 游쭃awnea-ayswir칛游꺔.
19:49 -- Analyzing message from WhoaConstrictor#9974 in 游낆numtsengvi.
19:50 -- Analyzing message from sickdelusion#3020 in 游쭃awnea-ayswir칛游꺔.
19:50 -- Analyzing message from CapnSlapaHo#9440 in 游낆numtsengvi.
19:50 -- Analyzing message from sickdelusion#3020 in 游쭃awnea-ayswir칛游꺔.
19:52 -- Analyzing message from HappyHippo77#2866 in 游쭃awnea-ayswir칛游꺔.
19:53 -- Analyzing message from HappyHippo77#2866 in 游쭃awnea-ayswir칛游꺔.
19:54 -- Analyzing message from sickdelusion#3020 in 游쭃awnea-ayswir칛游꺔.
19:54 -- Analyzing message from sickdelusion#3020 in 游쭃awnea-ayswir칛游꺔.
19:54 -- Analyzing message from sickdelusion#3020 in 游쭃awnea-ayswir칛游꺔.
19:55 -- Analyzing message from HappyHippo77#2866 in 游쭃awnea-ayswir칛游꺔.
19:55 -- Analyzing message from sickdelusion#3020 in 游쭃awnea-ayswir칛游꺔.
19:55 -- Analyzing message from HappyHippo77#2866 in 游쭃awnea-ayswir칛游꺔.
19:55 -- Analyzing message from sickdelusion#3020 in 游쭃awnea-ayswir칛游꺔.
19:56 -- Analyzing message from HappyHippo77#2866 in 游쭃awnea-ayswir칛游꺔.
19:56 -- Analyzing message from HappyHippo77#2866 in 游쭃awnea-ayswir칛游꺔.
19:56 -- Analyzing message from HappyHippo77#2866 in 游쭃awnea-ayswir칛游꺔.
19:57 -- Analyzing message from HappyHippo77#2866 in 游쭃awnea-ayswir칛游꺔.
19:59 -- Analyzing message from Wll칣m#0816 in 游쭃awnea-ayswir칛游꺔.
19:59 -- Analyzing message from sickdelusion#3020 in 游쭃awnea-ayswir칛游꺔.
19:59 -- Analyzing message from sickdelusion#3020 in 游쭃awnea-ayswir칛游꺔.
19:59 -- Analyzing message from sickdelusion#3020 in 游쭃awnea-ayswir칛游꺔.
20:00 -- Analyzing message from sickdelusion#3020 in 游쭃awnea-ayswir칛游꺔.
20:00 -- Analyzing message from sickdelusion#3020 in 游쭃awnea-ayswir칛游꺔.
20:00 -- Analyzing message from HappyHippo77#2866 in 游쭃awnea-ayswir칛游꺔.
20:00 -- Analyzing message from HappyHippo77#2866 in 游쭃awnea-ayswir칛游꺔.
20:00 -- Analyzing message from HappyHippo77#2866 in 游쭃awnea-ayswir칛游꺔.
20:01 -- Analyzing message from sickdelusion#3020 in 游쭃awnea-ayswir칛游꺔.
20:01 -- Analyzing message from sickdelusion#3020 in 游쭃awnea-ayswir칛游꺔.
20:01 -- Analyzing message from sickdelusion#3020 in 游쭃awnea-ayswir칛游꺔.
20:01 -- Analyzing message from sickdelusion#3020 in 游쭃awnea-ayswir칛游꺔.
20:01 -- Analyzing message from sickdelusion#3020 in 游쭃awnea-ayswir칛游꺔.
20:02 -- Analyzing message from HappyHippo77#2866 in 游쭃awnea-ayswir칛游꺔.
20:02 -- Analyzing message from sickdelusion#3020 in 游쭃awnea-ayswir칛游꺔.
20:02 -- Analyzing message from sickdelusion#3020 in 游쭃awnea-ayswir칛游꺔.
20:02 -- Analyzing message from HappyHippo77#2866 in 游쭃awnea-ayswir칛游꺔.
20:03 -- Analyzing message from sickdelusion#3020 in 游쭃awnea-ayswir칛游꺔.
20:03 -- Analyzing message from HappyHippo77#2866 in 游쭃awnea-ayswir칛游꺔.
20:03 -- Analyzing message from HappyHippo77#2866 in 游쭃awnea-ayswir칛游꺔.
20:03 -- Analyzing message from sickdelusion#3020 in 游쭃awnea-ayswir칛游꺔.
20:03 -- Analyzing message from ollywood#4813 in 丘맕ext-shadow-spoilers.
20:03 -- Analyzing message from sickdelusion#3020 in 游쭃awnea-ayswir칛游꺔.
20:03 -- Analyzing message from sickdelusion#3020 in 游쭃awnea-ayswir칛游꺔.
20:03 -- Analyzing message from HappyHippo77#2866 in 游쭃awnea-ayswir칛游꺔.
20:04 -- Analyzing message from sickdelusion#3020 in 游쭃awnea-ayswir칛游꺔.
20:04 -- Analyzing message from sickdelusion#3020 in 游쭃awnea-ayswir칛游꺔.
20:04 -- Analyzing message from sickdelusion#3020 in 游쭃awnea-ayswir칛游꺔.
20:04 -- Analyzing message from sickdelusion#3020 in 游쭃awnea-ayswir칛游꺔.
20:04 -- Analyzing message from HappyHippo77#2866 in 游쭃awnea-ayswir칛游꺔.
20:06 -- Analyzing message from CaptJakeSparrow#6873 in ayeyktan.
20:06 -- Analyzing message from ollywood#4813 in 丘맕ext-shadow-spoilers.
20:07 -- Analyzing message from Mako#2511 in ayeyktan.
20:07 -- Analyzing message from Kurikara#4094 in 游꿡ayuvan.
20:07 -- Analyzing message from Kurikara#4094 in 游꿡ayuvan.
20:07 -- 20:07 -- Gave Kurikara the Eykyu role and removed the Ikran Makto role.
20:08 -- Analyzing message from SItlha | Z치ngtsuva#6302 in 游낆numtsengvi.
20:08 -- Analyzing message from CaptJakeSparrow#6873 in 丘맕ext-shadow-spoilers.
20:08 -- Analyzing message from ollywood#4813 in 丘맕ext-shadow-spoilers.
20:10 -- Analyzing message from Tekre#3259 in 游쉻릖졀talia.
20:14 -- Analyzing message from sickdelusion#3020 in 游쭃awnea-ayswir칛游꺔.
20:16 -- Analyzing message from CapnSlapaHo#9440 in 游낆numtsengvi.
20:16 -- Analyzing message from CapnSlapaHo#9440 in 游낆numtsengvi.
20:17 -- Analyzing message from InfinityEnergy#1806 in 游꿡ayuvan.
20:17 -- Analyzing message from sickdelusion#3020 in 游쭃awnea-ayswir칛游꺔.
20:17 -- Analyzing message from SItlha | Z치ngtsuva#6302 in 游낆numtsengvi.
20:18 -- Analyzing message from CapnSlapaHo#9440 in 游낆numtsengvi.
20:18 -- Analyzing message from SItlha | Z치ngtsuva#6302 in 游낆numtsengvi.
20:18 -- Analyzing message from ollywood#4813 in 游낆numtsengvi.
20:19 -- Analyzing message from CapnSlapaHo#9440 in 游낆numtsengvi.
20:19 -- Analyzing message from WhoaConstrictor#9974 in 游낆numtsengvi.
20:20 -- Analyzing message from HappyHippo77#2866 in 游쭃awnea-ayswir칛游꺔.
20:20 -- Analyzing message from sickdelusion#3020 in 游쭃awnea-ayswir칛游꺔.
20:20 -- Analyzing message from sickdelusion#3020 in 游쭃awnea-ayswir칛游꺔.
20:20 -- Analyzing message from ollywood#4813 in 游낆numtsengvi.
20:21 -- Analyzing message from HappyHippo77#2866 in 游쭃awnea-ayswir칛游꺔.
20:21 -- Analyzing message from sickdelusion#3020 in 游쭃awnea-ayswir칛游꺔.
20:21 -- Analyzing message from WhoaConstrictor#9974 in 游낆numtsengvi.
20:21 -- Analyzing message from HappyHippo77#2866 in 游쭃awnea-ayswir칛游꺔.
20:21 -- Analyzing message from HappyHippo77#2866 in 游쭃awnea-ayswir칛游꺔.
20:21 -- Analyzing message from sickdelusion#3020 in 游쭃awnea-ayswir칛游꺔.
20:22 -- Analyzing message from ollywood#4813 in 游낆numtsengvi.
20:22 -- Analyzing message from CapnSlapaHo#9440 in 游낆numtsengvi.
20:23 -- Analyzing message from CapnSlapaHo#9440 in 游낆numtsengvi.
20:23 -- Analyzing message from Tekre#3259 in 游낆numtsengvi.
20:23 -- Analyzing message from WhoaConstrictor#9974 in 游낆numtsengvi.
20:24 -- WhoaConstrictor: 189914900066205696 executed the !search command with arguments:  yom tul
20:24 -- Analyzing message from Tekre#3259 in 游낆numtsengvi.
20:24 -- Analyzing message from ollywood#4813 in 游낆numtsengvi.
20:25 -- Analyzing message from WhoaConstrictor#9974 in 游낆numtsengvi.
20:25 -- Analyzing message from ollywood#4813 in 游꿡ayuvan.
20:25 -- Analyzing message from ollywood#4813 in 游낆numtsengvi.
20:25 -- Analyzing message from HappyHippo77#2866 in 游둰ayeltu-lefngap.
20:25 -- Analyzing message from SItlha | Z치ngtsuva#6302 in 游낆numtsengvi.
20:26 -- Analyzing message from HappyHippo77#2866 in 游둰ayeltu-lefngap.
20:26 -- Analyzing message from HappyHippo77#2866 in 游둰ayeltu-lefngap.
20:26 -- Analyzing message from CapnSlapaHo#9440 in 游낆numtsengvi.
20:26 -- Analyzing message from SItlha | Z치ngtsuva#6302 in 游낆numtsengvi.
20:27 -- Analyzing message from CapnSlapaHo#9440 in 游낆numtsengvi.
20:27 -- Analyzing message from HappyHippo77#2866 in 游둰ayeltu-lefngap.
20:27 -- Analyzing message from Kurikara#4094 in 游꿡ayuvan.
20:28 -- Analyzing message from Tekre#3259 in 游낆numtsengvi.
20:29 -- Analyzing message from ollywood#4813 in 游꿡ayuvan.
20:29 -- Analyzing message from Tekre#3259 in 游낆numtsengvi.
20:31 -- Analyzing message from CapnSlapaHo#9440 in 游낆numtsengvi.
20:32 -- Analyzing message from WhoaConstrictor#9974 in 游둰ayeltu-lefngap.
20:32 -- Analyzing message from Tekre#3259 in 游낆numtsengvi.
20:32 -- Analyzing message from Tekre#3259 in 游낆numtsengvi.
20:32 -- Analyzing message from WhoaConstrictor#9974 in 游둰ayeltu-lefngap.
20:33 -- Analyzing message from CapnSlapaHo#9440 in 游낆numtsengvi.
20:33 -- Analyzing message from Mako#2511 in 游둰ayeltu-lefngap.
20:33 -- Analyzing message from HappyHippo77#2866 in 游둰ayeltu-lefngap.
20:33 -- Analyzing message from HappyHippo77#2866 in 游둰ayeltu-lefngap.
20:38 -- Analyzing message from ollywood#4813 in 游둰ayeltu-lefngap.
20:38 -- Analyzing message from SItlha | Z치ngtsuva#6302 in 游낆numtsengvi.
20:38 -- Analyzing message from WhoaConstrictor#9974 in 游둰ayeltu-lefngap.
20:39 -- Analyzing message from Tekre#3259 in 游낆numtsengvi.
20:39 -- Analyzing message from ollywood#4813 in 游둰ayeltu-lefngap.
20:40 -- Analyzing message from SItlha | Z치ngtsuva#6302 in 游낆numtsengvi.
20:41 -- Analyzing message from WhoaConstrictor#9974 in 游낆numtsengvi.
20:47 -- Analyzing message from SItlha | Z치ngtsuva#6302 in 游낆numtsengvi.
20:50 -- Analyzing message from Tekre#3259 in 游낆numtsengvi.
20:50 -- Analyzing message from Mako#2511 in 游꿛tseo.
20:50 -- Analyzing message from Mako#2511 in 游꿛tseo.
20:51 -- Analyzing message from SItlha | Z치ngtsuva#6302 in 游쉻릖졀talia.
20:53 -- Analyzing message from WhoaConstrictor#9974 in 游낆numtsengvi.
20:55 -- Analyzing message from ollywood#4813 in 游낆numtsengvi.
20:55 -- Analyzing message from Tekre#3259 in 游낆numtsengvi.
20:56 -- Analyzing message from Mako#2511 in 游낆numtsengvi.
20:57 -- Analyzing message from Mako#2511 in 游낆numtsengvi.
21:03 -- Analyzing message from Hwaet#4348 in 游쭃awnea-ayswir칛游꺔.
21:04 -- Analyzing message from Exostike#9829 in 游꿘ayunilt칣rantokxteri.
21:04 -- Analyzing message from Exostike#9829 in 游꿘ayunilt칣rantokxteri.
21:04 -- Analyzing message from Exostike#9829 in 游꿘ayunilt칣rantokxteri.
21:04 -- Analyzing message from Exostike#9829 in 游꿘ayunilt칣rantokxteri.
21:05 -- Analyzing message from Exostike#9829 in 游꿘ayunilt칣rantokxteri.
21:05 -- Analyzing message from Mako#2511 in 游꿘ayunilt칣rantokxteri.
21:07 -- Analyzing message from ollywood#4813 in 游꿘ayunilt칣rantokxteri.
21:07 -- Analyzing message from ollywood#4813 in 游꿘ayunilt칣rantokxteri.
21:07 -- Analyzing message from ollywood#4813 in 游꿘ayunilt칣rantokxteri.
21:13 -- Analyzing message from Mako#2511 in 游꿘ayunilt칣rantokxteri.
21:13 -- Analyzing message from Mako#2511 in 游꿘ayunilt칣rantokxteri.
21:14 -- Analyzing message from Mako#2511 in 游꿘ayunilt칣rantokxteri.
21:17 -- Analyzing message from Hwaet#4348 in 游뾇릖뾳eutsch.
21:18 -- Analyzing message from Tekre#3259 in 游쉻릖졀talia.
21:18 -- Analyzing message from Tekre#3259 in 游뾇릖뾳eutsch.
21:20 -- Analyzing message from Tekre#3259 in 游뾇릖뾳eutsch.
21:23 -- Analyzing message from Exostike#9829 in 游꿘ayunilt칣rantokxteri.
21:23 -- Analyzing message from CapnSlapaHo#9440 in 游낆numtsengvi.
21:23 -- Analyzing message from Mako#2511 in 游꿘ayunilt칣rantokxteri.
21:23 -- Analyzing message from SItlha | Z치ngtsuva#6302 in 游쉻릖졀talia.
21:24 -- Analyzing message from Exostike#9829 in 游꿘ayunilt칣rantokxteri.
21:25 -- Analyzing message from Tekre#3259 in 游쉻릖졀talia.
21:26 -- Analyzing message from SItlha | Z치ngtsuva#6302 in 游쉻릖졀talia.
21:32 -- 洧땘洧땹洧땷洧땱洧땺洧땺洧땭패 joined the server.
21:32 -- Gave 洧땘洧땹洧땷洧땱洧땺洧땺洧땭패 the role frapo.
21:32 -- Created a new profile for 洧땘洧땹洧땷洧땱洧땺洧땺洧땭패.
21:32 -- Analyzing message from Tekre#3259 in 游쉻릖졀talia.
21:33 -- Analyzing message from Tekre#3259 in 游녦kaltx칣.
21:34 -- Analyzing message from 洧땘洧땹洧땷洧땱洧땺洧땺洧땭패#3196 in 游녦kaltx칣.
21:34 -- Analyzing message from Tekre#3259 in 游녦kaltx칣.
21:35 -- Analyzing message from 洧땘洧땹洧땷洧땱洧땺洧땺洧땭패#3196 in 游녦kaltx칣.
21:35 -- Analyzing message from Tekre#3259 in 游녦kaltx칣.
21:37 -- Analyzing message from Wll칣m#0816 in 游꿡ayuvan.
21:38 -- Analyzing message from Tekre#3259 in 游꿡ayuvan.
21:41 -- Analyzing message from SItlha | Z치ngtsuva#6302 in 游쉻릖졀talia.
21:41 -- Analyzing message from Hwaet#4348 in 游쉻릖졀talia.
21:42 -- Analyzing message from SItlha | Z치ngtsuva#6302 in 游쉻릖졀talia.
21:44 -- Analyzing message from Tekre#3259 in 游쉻릖졀talia.
21:45 -- Analyzing message from SItlha | Z치ngtsuva#6302 in 游쉻릖졀talia.
21:47 -- Analyzing message from SItlha | Z치ngtsuva#6302 in 游쉻릖졀talia.
21:48 -- Analyzing message from Tekre#3259 in 游쉻릖졀talia.
21:49 -- Analyzing message from Tekre#3259 in 游쉻릖졀talia.
21:50 -- Analyzing message from Tekre#3259 in 游쉻릖졀talia.
21:52 -- Analyzing message from SItlha | Z치ngtsuva#6302 in 游쉻릖졀talia.
21:53 -- Analyzing message from Tekre#3259 in 游쉻릖졀talia.
21:56 -- Analyzing message from Tekre#3259 in 游쉻릖졀talia.
21:56 -- Analyzing message from SItlha | Z치ngtsuva#6302 in 游쉻릖졀talia.
21:57 -- Analyzing message from SItlha | Z치ngtsuva#6302 in 游쉻릖졀talia.
22:06 -- Analyzing message from Kurikara#4094 in 游꿡ayuvan.
22:10 -- Analyzing message from Kurikara#4094 in 游꿡ayuvan.
22:11 -- Analyzing message from Kurikara#4094 in 游꿡ayuvan.
22:11 -- Analyzing message from Kurikara#4094 in 游꿡ayuvan.
22:13 -- Analyzing message from Kurikara#4094 in 游꿡ayuvan.
22:16 -- Analyzing message from Kurikara#4094 in 游꿡ayuvan.
22:17 -- Analyzing message from CapnSlapaHo#9440 in 游꿘ayunilt칣rantokxteri.
22:28 -- Analyzing message from Hwaet#4348 in 游꿘ayunilt칣rantokxteri.
22:38 -- Analyzing message from sickdelusion#3020 in 游뾇릖뾳eutsch.
22:38 -- Analyzing message from sickdelusion#3020 in 游뾇릖뾳eutsch.
22:56 -- Analyzing message from Tiretxan#8903 in 游낆numtsengvi.
23:05 -- Analyzing message from WhoaConstrictor#9974 in 游낆numtsengvi.
23:05 -- Analyzing message from Tiretxan#8903 in 游낆numtsengvi.
23:13 -- Analyzing message from Hwaet#4348 in 游둰ayeltu-lefngap.
23:16 -- Analyzing message from Hwaet#4348 in 游둰ayeltu-lefngap.